<?xml version="1.0" encoding="UTF-8" ?>
<testsuite tests="2" failures="0" name="com.qa.runners.MyRunnerTest" time="290.328" errors="2" skipped="0">
  <properties>
[...]
</properties>
  <testcase classname="Edit table TCT" name="Edit table and add tmsurl ,appcode" time="145.162">
    <error message="The local appium server has not been started. The given Node.js executable: C:\Program Files\nodejs\node.exe Arguments: [C:\Users\mgant\AppData\Roaming\npm\node_modules\appium\build\lib\main.js, --port, 24109, --address, 0.0.0.0, --log, E:\appium1\appium-cucumberbdd-master\Android_X990\Server.log, --session-override] 
Process output: uncaughtException: EPERM: operation not permitted, stat &apos;E:\appium1\appium-cucumberbdd-master\Android_X990\Server.log&apos;
Error: EPERM: operation not permitted, stat &apos;E:\appium1\appium-cucumberbdd-master\Android_X990\Server.log&apos;
C:\Users\mgant\AppData\Roaming\npm\node_modules\appium\node_modules\winston\lib\winston\logger.js:307
      throw ex;
      ^

NodeError: write after end
    at writeAfterEnd (C:\Users\mgant\AppData\Roaming\npm\node_modules\appium\node_modules\readable-stream\lib\_stream_writable.js:261:12)
    at PassThrough.Writable.write (C:\Users\mgant\AppData\Roaming\npm\node_modules\appium\node_modules\readable-stream\lib\_stream_writable.js:305:21)
    at File.log (C:\Users\mgant\AppData\Roaming\npm\node_modules\appium\node_modules\winston\lib\winston\transports\file.js:185:34)
    at File._write (C:\Users\mgant\AppData\Roaming\npm\node_modules\appium\node_modules\winston-transport\index.js:103:17)
    at doWrite (C:\Users\mgant\AppData\Roaming\npm\node_modules\appium\node_modules\winston-transport\node_modules\readable-stream\lib\_stream_writable.js:428:64)
    at writeOrBuffer (C:\Users\mgant\AppData\Roaming\npm\node_modules\appium\node_modules\winston-transport\node_modules\readable-stream\lib\_stream_writable.js:417:5)
    at File.Writable.write (C:\Users\mgant\AppData\Roaming\npm\node_modules\appium\node_modules\winston-transport\node_modules\readable-stream\lib\_stream_writable.js:334:11)
    at DerivedLogger.ondata (C:\Users\mgant\AppData\Roaming\npm\node_modules\appium\node_modules\readable-stream\lib\_stream_readable.js:681:20)
    at DerivedLogger.emit (node:events:525:35)
    at addChunk (C:\Users\mgant\AppData\Roaming\npm\node_modules\appium\node_modules\readable-stream\lib\_stream_readable.js:298:12)
    at readableAddChunk (C:\Users\mgant\AppData\Roaming\npm\node_modules\appium\node_modules\readable-stream\lib\_stream_readable.js:280:11)
    at DerivedLogger.Readable.push (C:\Users\mgant\AppData\Roaming\npm\node_modules\appium\node_modules\readable-stream\lib\_stream_readable.js:241:10)
    at DerivedLogger.Transform.push (C:\Users\mgant\AppData\Roaming\npm\node_modules\appium\node_modules\readable-stream\lib\_stream_transform.js:139:32)
    at DerivedLogger._transform (C:\Users\mgant\AppData\Roaming\npm\node_modules\appium\node_modules\winston\lib\winston\logger.js:305:12)
    at DerivedLogger.Transform._read (C:\Users\mgant\AppData\Roaming\npm\node_modules\appium\node_modules\readable-stream\lib\_stream_transform.js:177:10)
    at DerivedLogger.Transform._write (C:\Users\mgant\AppData\Roaming\npm\node_modules\appium\node_modules\readable-stream\lib\_stream_transform.js:164:83)
Emitted &apos;error&apos; event on PassThrough instance at:
    at errorOrDestroy (C:\Users\mgant\AppData\Roaming\npm\node_modules\appium\node_modules\readable-stream\lib\internal\streams\destroy.js:98:101)
    at writeAfterEnd (C:\Users\mgant\AppData\Roaming\npm\node_modules\appium\node_modules\readable-stream\lib\_stream_writable.js:263:3)
    at PassThrough.Writable.write (C:\Users\mgant\AppData\Roaming\npm\node_modules\appium\node_modules\readable-stream\lib\_stream_writable.js:305:21)
    [... lines matching original stack trace ...]
    at DerivedLogger.Transform._read (C:\Users\mgant\AppData\Roaming\npm\node_modules\appium\node_modules\readable-stream\lib\_stream_transform.js:177:10)

Node.js v19.2.0

" type="io.appium.java_client.service.local.AppiumServerHasNotBeenStartedLocallyException">io.appium.java_client.service.local.AppiumServerHasNotBeenStartedLocallyException: The local appium server has not been started. The given Node.js executable: C:\Program Files\nodejs\node.exe Arguments: [C:\Users\mgant\AppData\Roaming\npm\node_modules\appium\build\lib\main.js, --port, 24109, --address, 0.0.0.0, --log, E:\appium1\appium-cucumberbdd-master\Android_X990\Server.log, --session-override] 
Process output: uncaughtException: EPERM: operation not permitted, stat &apos;E:\appium1\appium-cucumberbdd-master\Android_X990\Server.log&apos;
Error: EPERM: operation not permitted, stat &apos;E:\appium1\appium-cucumberbdd-master\Android_X990\Server.log&apos;
C:\Users\mgant\AppData\Roaming\npm\node_modules\appium\node_modules\winston\lib\winston\logger.js:307
      throw ex;
      ^

NodeError: write after end
    at writeAfterEnd (C:\Users\mgant\AppData\Roaming\npm\node_modules\appium\node_modules\readable-stream\lib\_stream_writable.js:261:12)
    at PassThrough.Writable.write (C:\Users\mgant\AppData\Roaming\npm\node_modules\appium\node_modules\readable-stream\lib\_stream_writable.js:305:21)
    at File.log (C:\Users\mgant\AppData\Roaming\npm\node_modules\appium\node_modules\winston\lib\winston\transports\file.js:185:34)
    at File._write (C:\Users\mgant\AppData\Roaming\npm\node_modules\appium\node_modules\winston-transport\index.js:103:17)
    at doWrite (C:\Users\mgant\AppData\Roaming\npm\node_modules\appium\node_modules\winston-transport\node_modules\readable-stream\lib\_stream_writable.js:428:64)
    at writeOrBuffer (C:\Users\mgant\AppData\Roaming\npm\node_modules\appium\node_modules\winston-transport\node_modules\readable-stream\lib\_stream_writable.js:417:5)
    at File.Writable.write (C:\Users\mgant\AppData\Roaming\npm\node_modules\appium\node_modules\winston-transport\node_modules\readable-stream\lib\_stream_writable.js:334:11)
    at DerivedLogger.ondata (C:\Users\mgant\AppData\Roaming\npm\node_modules\appium\node_modules\readable-stream\lib\_stream_readable.js:681:20)
    at DerivedLogger.emit (node:events:525:35)
    at addChunk (C:\Users\mgant\AppData\Roaming\npm\node_modules\appium\node_modules\readable-stream\lib\_stream_readable.js:298:12)
    at readableAddChunk (C:\Users\mgant\AppData\Roaming\npm\node_modules\appium\node_modules\readable-stream\lib\_stream_readable.js:280:11)
    at DerivedLogger.Readable.push (C:\Users\mgant\AppData\Roaming\npm\node_modules\appium\node_modules\readable-stream\lib\_stream_readable.js:241:10)
    at DerivedLogger.Transform.push (C:\Users\mgant\AppData\Roaming\npm\node_modules\appium\node_modules\readable-stream\lib\_stream_transform.js:139:32)
    at DerivedLogger._transform (C:\Users\mgant\AppData\Roaming\npm\node_modules\appium\node_modules\winston\lib\winston\logger.js:305:12)
    at DerivedLogger.Transform._read (C:\Users\mgant\AppData\Roaming\npm\node_modules\appium\node_modules\readable-stream\lib\_stream_transform.js:177:10)
    at DerivedLogger.Transform._write (C:\Users\mgant\AppData\Roaming\npm\node_modules\appium\node_modules\readable-stream\lib\_stream_transform.js:164:83)
Emitted &apos;error&apos; event on PassThrough instance at:
    at errorOrDestroy (C:\Users\mgant\AppData\Roaming\npm\node_modules\appium\node_modules\readable-stream\lib\internal\streams\destroy.js:98:101)
    at writeAfterEnd (C:\Users\mgant\AppData\Roaming\npm\node_modules\appium\node_modules\readable-stream\lib\_stream_writable.js:263:3)
    at PassThrough.Writable.write (C:\Users\mgant\AppData\Roaming\npm\node_modules\appium\node_modules\readable-stream\lib\_stream_writable.js:305:21)
    [... lines matching original stack trace ...]
    at DerivedLogger.Transform._read (C:\Users\mgant\AppData\Roaming\npm\node_modules\appium\node_modules\readable-stream\lib\_stream_transform.js:177:10)

Node.js v19.2.0


	at io.appium.java_client.service.local.AppiumDriverLocalService.start(AppiumDriverLocalService.java:164)
	at com.qa.utils.ServerManager.startServer(ServerManager.java:22)
	at com.qa.stepdef.Hooks.initialize(Hooks.java:28)
Caused by: org.openqa.selenium.net.UrlChecker$TimeoutException: Timed out waiting for [http://127.0.0.1:24109/wd/hub/status] to be available after 120070 ms
	at org.openqa.selenium.net.UrlChecker.waitUntilAvailable(UrlChecker.java:100)
	at io.appium.java_client.service.local.AppiumDriverLocalService.ping(AppiumDriverLocalService.java:129)
	at io.appium.java_client.service.local.AppiumDriverLocalService.start(AppiumDriverLocalService.java:151)
	at com.qa.utils.ServerManager.startServer(ServerManager.java:22)
	at com.qa.stepdef.Hooks.initialize(Hooks.java:28)
	at java.base/jdk.internal.reflect.NativeMethodAccessorImpl.invoke0(Native Method)
	at java.base/jdk.internal.reflect.NativeMethodAccessorImpl.invoke(NativeMethodAccessorImpl.java:64)
	at java.base/jdk.internal.reflect.DelegatingMethodAccessorImpl.invoke(DelegatingMethodAccessorImpl.java:43)
	at java.base/java.lang.reflect.Method.invoke(Method.java:564)
	at io.cucumber.java.Invoker.doInvoke(Invoker.java:66)
	at io.cucumber.java.Invoker.invoke(Invoker.java:24)
	at io.cucumber.java.AbstractGlueDefinition.invokeMethod(AbstractGlueDefinition.java:47)
	at io.cucumber.java.JavaHookDefinition.execute(JavaHookDefinition.java:59)
	at io.cucumber.core.runner.CoreHookDefinition.execute(CoreHookDefinition.java:46)
	at io.cucumber.core.runner.HookDefinitionMatch.runStep(HookDefinitionMatch.java:21)
	at io.cucumber.core.runner.ExecutionMode$1.execute(ExecutionMode.java:10)
	at io.cucumber.core.runner.TestStep.executeStep(TestStep.java:92)
	at io.cucumber.core.runner.TestStep.run(TestStep.java:64)
	at io.cucumber.core.runner.TestCase.run(TestCase.java:98)
	at io.cucumber.core.runner.Runner.runPickle(Runner.java:71)
	at io.cucumber.junit.PickleRunners$NoStepDescriptions.run(PickleRunners.java:151)
	at io.cucumber.junit.FeatureRunner.runChild(FeatureRunner.java:135)
	at io.cucumber.junit.FeatureRunner.runChild(FeatureRunner.java:27)
	at org.junit.runners.ParentRunner$4.run(ParentRunner.java:331)
	at org.junit.runners.ParentRunner$1.schedule(ParentRunner.java:79)
	at org.junit.runners.ParentRunner.runChildren(ParentRunner.java:329)
	at org.junit.runners.ParentRunner.access$100(ParentRunner.java:66)
	at org.junit.runners.ParentRunner$2.evaluate(ParentRunner.java:293)
	at org.junit.runners.ParentRunner$3.evaluate(ParentRunner.java:306)
	at org.junit.runners.ParentRunner.run(ParentRunner.java:413)
	at io.cucumber.junit.Cucumber.runChild(Cucumber.java:199)
	at io.cucumber.junit.Cucumber.runChild(Cucumber.java:90)
	at org.junit.runners.ParentRunner$4.run(ParentRunner.java:331)
	at org.junit.runners.ParentRunner$1.schedule(ParentRunner.java:79)
	at org.junit.runners.ParentRunner.runChildren(ParentRunner.java:329)
	at org.junit.runners.ParentRunner.access$100(ParentRunner.java:66)
	at org.junit.runners.ParentRunner$2.evaluate(ParentRunner.java:293)
	at io.cucumber.junit.Cucumber$RunCucumber.evaluate(Cucumber.java:234)
	at org.junit.internal.runners.statements.RunBefores.evaluate(RunBefores.java:26)
	at org.junit.runners.ParentRunner$3.evaluate(ParentRunner.java:306)
	at org.junit.runners.ParentRunner.run(ParentRunner.java:413)
	at org.apache.maven.surefire.junit4.JUnit4Provider.execute(JUnit4Provider.java:252)
	at org.apache.maven.surefire.junit4.JUnit4Provider.executeTestSet(JUnit4Provider.java:141)
	at org.apache.maven.surefire.junit4.JUnit4Provider.invoke(JUnit4Provider.java:112)
	at java.base/jdk.internal.reflect.NativeMethodAccessorImpl.invoke0(Native Method)
	at java.base/jdk.internal.reflect.NativeMethodAccessorImpl.invoke(NativeMethodAccessorImpl.java:64)
	at java.base/jdk.internal.reflect.DelegatingMethodAccessorImpl.invoke(DelegatingMethodAccessorImpl.java:43)
	at java.base/java.lang.reflect.Method.invoke(Method.java:564)
	at org.apache.maven.surefire.util.ReflectionUtils.invokeMethodWithArray(ReflectionUtils.java:189)
	at org.apache.maven.surefire.booter.ProviderFactory$ProviderProxy.invoke(ProviderFactory.java:165)
	at org.apache.maven.surefire.booter.ProviderFactory.invokeProvider(ProviderFactory.java:85)
	at org.apache.maven.surefire.booter.ForkedBooter.runSuitesInProcess(ForkedBooter.java:115)
	at org.apache.maven.surefire.booter.ForkedBooter.main(ForkedBooter.java:75)
Caused by: java.util.concurrent.TimeoutException
	at java.base/java.util.concurrent.FutureTask.get(FutureTask.java:204)
	at com.google.common.util.concurrent.SimpleTimeLimiter.callWithTimeout(SimpleTimeLimiter.java:156)
	at org.openqa.selenium.net.UrlChecker.waitUntilAvailable(UrlChecker.java:75)
	... 52 more
</error>
    <system-out>
@test @appium
Scenario: Edit table and add tmsurl ,appcode # src/test/resources/EditTable.feature:5
[INFO ] 2022-12-20 00:25:11.863 com.qa.utils.ServerManager:20 - starting appium server
uncaughtException: EPERM: operation not permitted, stat &apos;E:\appium1\appium-cucumberbdd-master\Android_X990\Server.log&apos;
Error: EPERM: operation not permitted, stat &apos;E:\appium1\appium-cucumberbdd-master\Android_X990\Server.log&apos;
C:\Users\mgant\AppData\Roaming\npm\node_modules\appium\node_modules\winston\lib\winston\logger.js:307
      throw ex;
      ^

NodeError: write after end
    at writeAfterEnd (C:\Users\mgant\AppData\Roaming\npm\node_modules\appium\node_modules\readable-stream\lib\_stream_writable.js:261:12)
    at PassThrough.Writable.write (C:\Users\mgant\AppData\Roaming\npm\node_modules\appium\node_modules\readable-stream\lib\_stream_writable.js:305:21)
    at File.log (C:\Users\mgant\AppData\Roaming\npm\node_modules\appium\node_modules\winston\lib\winston\transports\file.js:185:34)
    at File._write (C:\Users\mgant\AppData\Roaming\npm\node_modules\appium\node_modules\winston-transport\index.js:103:17)
    at doWrite (C:\Users\mgant\AppData\Roaming\npm\node_modules\appium\node_modules\winston-transport\node_modules\readable-stream\lib\_stream_writable.js:428:64)
    at writeOrBuffer (C:\Users\mgant\AppData\Roaming\npm\node_modules\appium\node_modules\winston-transport\node_modules\readable-stream\lib\_stream_writable.js:417:5)
    at File.Writable.write (C:\Users\mgant\AppData\Roaming\npm\node_modules\appium\node_modules\winston-transport\node_modules\readable-stream\lib\_stream_writable.js:334:11)
    at DerivedLogger.ondata (C:\Users\mgant\AppData\Roaming\npm\node_modules\appium\node_modules\readable-stream\lib\_stream_readable.js:681:20)
    at DerivedLogger.emit (node:events:525:35)
    at addChunk (C:\Users\mgant\AppData\Roaming\npm\node_modules\appium\node_modules\readable-stream\lib\_stream_readable.js:298:12)
    at readableAddChunk (C:\Users\mgant\AppData\Roaming\npm\node_modules\appium\node_modules\readable-stream\lib\_stream_readable.js:280:11)
    at DerivedLogger.Readable.push (C:\Users\mgant\AppData\Roaming\npm\node_modules\appium\node_modules\readable-stream\lib\_stream_readable.js:241:10)
    at DerivedLogger.Transform.push (C:\Users\mgant\AppData\Roaming\npm\node_modules\appium\node_modules\readable-stream\lib\_stream_transform.js:139:32)
    at DerivedLogger._transform (C:\Users\mgant\AppData\Roaming\npm\node_modules\appium\node_modules\winston\lib\winston\logger.js:305:12)
    at DerivedLogger.Transform._read (C:\Users\mgant\AppData\Roaming\npm\node_modules\appium\node_modules\readable-stream\lib\_stream_transform.js:177:10)
    at DerivedLogger.Transform._write (C:\Users\mgant\AppData\Roaming\npm\node_modules\appium\node_modules\readable-stream\lib\_stream_transform.js:164:83)
Emitted &apos;error&apos; event on PassThrough instance at:
    at errorOrDestroy (C:\Users\mgant\AppData\Roaming\npm\node_modules\appium\node_modules\readable-stream\lib\internal\streams\destroy.js:98:101)
    at writeAfterEnd (C:\Users\mgant\AppData\Roaming\npm\node_modules\appium\node_modules\readable-stream\lib\_stream_writable.js:263:3)
    at PassThrough.Writable.write (C:\Users\mgant\AppData\Roaming\npm\node_modules\appium\node_modules\readable-stream\lib\_stream_writable.js:305:21)
    [... lines matching original stack trace ...]
    at DerivedLogger.Transform._read (C:\Users\mgant\AppData\Roaming\npm\node_modules\appium\node_modules\readable-stream\lib\_stream_transform.js:177:10)

Node.js v19.2.0
      io.appium.java_client.service.local.AppiumServerHasNotBeenStartedLocallyException: The local appium server has not been started. The given Node.js executable: C:\Program Files\nodejs\node.exe Arguments: [C:\Users\mgant\AppData\Roaming\npm\node_modules\appium\build\lib\main.js, --port, 24109, --address, 0.0.0.0, --log, E:\appium1\appium-cucumberbdd-master\Android_X990\Server.log, --session-override] 
Process output: uncaughtException: EPERM: operation not permitted, stat &apos;E:\appium1\appium-cucumberbdd-master\Android_X990\Server.log&apos;
Error: EPERM: operation not permitted, stat &apos;E:\appium1\appium-cucumberbdd-master\Android_X990\Server.log&apos;
C:\Users\mgant\AppData\Roaming\npm\node_modules\appium\node_modules\winston\lib\winston\logger.js:307
      throw ex;
      ^

NodeError: write after end
    at writeAfterEnd (C:\Users\mgant\AppData\Roaming\npm\node_modules\appium\node_modules\readable-stream\lib\_stream_writable.js:261:12)
    at PassThrough.Writable.write (C:\Users\mgant\AppData\Roaming\npm\node_modules\appium\node_modules\readable-stream\lib\_stream_writable.js:305:21)
    at File.log (C:\Users\mgant\AppData\Roaming\npm\node_modules\appium\node_modules\winston\lib\winston\transports\file.js:185:34)
    at File._write (C:\Users\mgant\AppData\Roaming\npm\node_modules\appium\node_modules\winston-transport\index.js:103:17)
    at doWrite (C:\Users\mgant\AppData\Roaming\npm\node_modules\appium\node_modules\winston-transport\node_modules\readable-stream\lib\_stream_writable.js:428:64)
    at writeOrBuffer (C:\Users\mgant\AppData\Roaming\npm\node_modules\appium\node_modules\winston-transport\node_modules\readable-stream\lib\_stream_writable.js:417:5)
    at File.Writable.write (C:\Users\mgant\AppData\Roaming\npm\node_modules\appium\node_modules\winston-transport\node_modules\readable-stream\lib\_stream_writable.js:334:11)
    at DerivedLogger.ondata (C:\Users\mgant\AppData\Roaming\npm\node_modules\appium\node_modules\readable-stream\lib\_stream_readable.js:681:20)
    at DerivedLogger.emit (node:events:525:35)
    at addChunk (C:\Users\mgant\AppData\Roaming\npm\node_modules\appium\node_modules\readable-stream\lib\_stream_readable.js:298:12)
    at readableAddChunk (C:\Users\mgant\AppData\Roaming\npm\node_modules\appium\node_modules\readable-stream\lib\_stream_readable.js:280:11)
    at DerivedLogger.Readable.push (C:\Users\mgant\AppData\Roaming\npm\node_modules\appium\node_modules\readable-stream\lib\_stream_readable.js:241:10)
    at DerivedLogger.Transform.push (C:\Users\mgant\AppData\Roaming\npm\node_modules\appium\node_modules\readable-stream\lib\_stream_transform.js:139:32)
    at DerivedLogger._transform (C:\Users\mgant\AppData\Roaming\npm\node_modules\appium\node_modules\winston\lib\winston\logger.js:305:12)
    at DerivedLogger.Transform._read (C:\Users\mgant\AppData\Roaming\npm\node_modules\appium\node_modules\readable-stream\lib\_stream_transform.js:177:10)
    at DerivedLogger.Transform._write (C:\Users\mgant\AppData\Roaming\npm\node_modules\appium\node_modules\readable-stream\lib\_stream_transform.js:164:83)
Emitted &apos;error&apos; event on PassThrough instance at:
    at errorOrDestroy (C:\Users\mgant\AppData\Roaming\npm\node_modules\appium\node_modules\readable-stream\lib\internal\streams\destroy.js:98:101)
    at writeAfterEnd (C:\Users\mgant\AppData\Roaming\npm\node_modules\appium\node_modules\readable-stream\lib\_stream_writable.js:263:3)
    at PassThrough.Writable.write (C:\Users\mgant\AppData\Roaming\npm\node_modules\appium\node_modules\readable-stream\lib\_stream_writable.js:305:21)
    [... lines matching original stack trace ...]
    at DerivedLogger.Transform._read (C:\Users\mgant\AppData\Roaming\npm\node_modules\appium\node_modules\readable-stream\lib\_stream_transform.js:177:10)

Node.js v19.2.0


	at io.appium.java_client.service.local.AppiumDriverLocalService.start(AppiumDriverLocalService.java:164)
	at com.qa.utils.ServerManager.startServer(ServerManager.java:22)
	at com.qa.stepdef.Hooks.initialize(Hooks.java:28)
Caused by: org.openqa.selenium.net.UrlChecker$TimeoutException: Timed out waiting for [http://127.0.0.1:24109/wd/hub/status] to be available after 120070 ms
	at org.openqa.selenium.net.UrlChecker.waitUntilAvailable(UrlChecker.java:100)
	at io.appium.java_client.service.local.AppiumDriverLocalService.ping(AppiumDriverLocalService.java:129)
	at io.appium.java_client.service.local.AppiumDriverLocalService.start(AppiumDriverLocalService.java:151)
	at com.qa.utils.ServerManager.startServer(ServerManager.java:22)
	at com.qa.stepdef.Hooks.initialize(Hooks.java:28)
	at java.base/jdk.internal.reflect.NativeMethodAccessorImpl.invoke0(Native Method)
	at java.base/jdk.internal.reflect.NativeMethodAccessorImpl.invoke(NativeMethodAccessorImpl.java:64)
	at java.base/jdk.internal.reflect.DelegatingMethodAccessorImpl.invoke(DelegatingMethodAccessorImpl.java:43)
	at java.base/java.lang.reflect.Method.invoke(Method.java:564)
	at io.cucumber.java.Invoker.doInvoke(Invoker.java:66)
	at io.cucumber.java.Invoker.invoke(Invoker.java:24)
	at io.cucumber.java.AbstractGlueDefinition.invokeMethod(AbstractGlueDefinition.java:47)
	at io.cucumber.java.JavaHookDefinition.execute(JavaHookDefinition.java:59)
	at io.cucumber.core.runner.CoreHookDefinition.execute(CoreHookDefinition.java:46)
	at io.cucumber.core.runner.HookDefinitionMatch.runStep(HookDefinitionMatch.java:21)
	at io.cucumber.core.runner.ExecutionMode$1.execute(ExecutionMode.java:10)
	at io.cucumber.core.runner.TestStep.executeStep(TestStep.java:92)
	at io.cucumber.core.runner.TestStep.run(TestStep.java:64)
	at io.cucumber.core.runner.TestCase.run(TestCase.java:98)
	at io.cucumber.core.runner.Runner.runPickle(Runner.java:71)
	at io.cucumber.junit.PickleRunners$NoStepDescriptions.run(PickleRunners.java:151)
	at io.cucumber.junit.FeatureRunner.runChild(FeatureRunner.java:135)
	at io.cucumber.junit.FeatureRunner.runChild(FeatureRunner.java:27)
	at org.junit.runners.ParentRunner$4.run(ParentRunner.java:331)
	at org.junit.runners.ParentRunner$1.schedule(ParentRunner.java:79)
	at org.junit.runners.ParentRunner.runChildren(ParentRunner.java:329)
	at org.junit.runners.ParentRunner.access$100(ParentRunner.java:66)
	at org.junit.runners.ParentRunner$2.evaluate(ParentRunner.java:293)
	at org.junit.runners.ParentRunner$3.evaluate(ParentRunner.java:306)
	at org.junit.runners.ParentRunner.run(ParentRunner.java:413)
	at io.cucumber.junit.Cucumber.runChild(Cucumber.java:199)
	at io.cucumber.junit.Cucumber.runChild(Cucumber.java:90)
	at org.junit.runners.ParentRunner$4.run(ParentRunner.java:331)
	at org.junit.runners.ParentRunner$1.schedule(ParentRunner.java:79)
	at org.junit.runners.ParentRunner.runChildren(ParentRunner.java:329)
	at org.junit.runners.ParentRunner.access$100(ParentRunner.java:66)
	at org.junit.runners.ParentRunner$2.evaluate(ParentRunner.java:293)
	at io.cucumber.junit.Cucumber$RunCucumber.evaluate(Cucumber.java:234)
	at org.junit.internal.runners.statements.RunBefores.evaluate(RunBefores.java:26)
	at org.junit.runners.ParentRunner$3.evaluate(ParentRunner.java:306)
	at org.junit.runners.ParentRunner.run(ParentRunner.java:413)
	at org.apache.maven.surefire.junit4.JUnit4Provider.execute(JUnit4Provider.java:252)
	at org.apache.maven.surefire.junit4.JUnit4Provider.executeTestSet(JUnit4Provider.java:141)
	at org.apache.maven.surefire.junit4.JUnit4Provider.invoke(JUnit4Provider.java:112)
	at java.base/jdk.internal.reflect.NativeMethodAccessorImpl.invoke0(Native Method)
	at java.base/jdk.internal.reflect.NativeMethodAccessorImpl.invoke(NativeMethodAccessorImpl.java:64)
	at java.base/jdk.internal.reflect.DelegatingMethodAccessorImpl.invoke(DelegatingMethodAccessorImpl.java:43)
	at java.base/java.lang.reflect.Method.invoke(Method.java:564)
	at org.apache.maven.surefire.util.ReflectionUtils.invokeMethodWithArray(ReflectionUtils.java:189)
	at org.apache.maven.surefire.booter.ProviderFactory$ProviderProxy.invoke(ProviderFactory.java:165)
	at org.apache.maven.surefire.booter.ProviderFactory.invokeProvider(ProviderFactory.java:85)
	at org.apache.maven.surefire.booter.ForkedBooter.runSuitesInProcess(ForkedBooter.java:115)
	at org.apache.maven.surefire.booter.ForkedBooter.main(ForkedBooter.java:75)
Caused by: java.util.concurrent.TimeoutException
	at java.base/java.util.concurrent.FutureTask.get(FutureTask.java:204)
	at com.google.common.util.concurrent.SimpleTimeLimiter.callWithTimeout(SimpleTimeLimiter.java:156)
	at org.openqa.selenium.net.UrlChecker.waitUntilAvailable(UrlChecker.java:75)
	... 52 more

  When Open navigation bar                   # com.qa.stepdef.EditTableDef.openNavigationBar()
  And Click on Edit table                    # com.qa.stepdef.EditTableDef.clickOnEditTable()
  And Enter the password                     # com.qa.stepdef.EditTableDef.enterThePassword()
  And click on the ok                        # com.qa.stepdef.EditTableDef.clickOnTheOk()
  And Click on CDT                           # com.qa.stepdef.EditTableDef.clickOnCDT()
  And Click on TCT                           # com.qa.stepdef.EditTableDef.clickOnTCT()
  And Scroll for TMSURL                      # com.qa.stepdef.EditTableDef.scrollForTMSURL()
  And Click on TMLSUrl field                 # com.qa.stepdef.EditTableDef.clickOnTMLSUrlField()
  And Enter TMSUrl &quot;&quot;                        # com.qa.stepdef.EditTableDef.enterTMSUrl(java.lang.String)
  And Scroll for Appcode                     # com.qa.stepdef.EditTableDef.scrollForAppcode()
  And Click on AppCode field                 # com.qa.stepdef.EditTableDef.clickOnAppCodeField()
  And Enter AppCode &quot;&quot;                       # com.qa.stepdef.EditTableDef.enterAppCode(java.lang.String)
  And Restart App                            # com.qa.stepdef.EditTableDef.restartApp()
      java.lang.NullPointerException: Cannot invoke &quot;io.appium.java_client.AppiumDriver.getScreenshotAs(org.openqa.selenium.OutputType)&quot; because the return value of &quot;com.qa.utils.DriverManager.getDriver()&quot; is null
	at com.qa.stepdef.Hooks.quit1(Hooks.java:42)

</system-out>
    <system-err>SLF4J: Failed to load class &quot;org.slf4j.impl.StaticLoggerBinder&quot;.
SLF4J: Defaulting to no-operation (NOP) logger implementation
SLF4J: See http://www.slf4j.org/codes.html#StaticLoggerBinder for further details.
</system-err>
  </testcase>
  <testcase classname="Edit table TCT" name="Edit table and add tmsurl ,appcode" time="145.166">
    <error message="Cannot invoke &quot;io.appium.java_client.AppiumDriver.getScreenshotAs(org.openqa.selenium.OutputType)&quot; because the return value of &quot;com.qa.utils.DriverManager.getDriver()&quot; is null" type="java.lang.NullPointerException">java.lang.NullPointerException: Cannot invoke &quot;io.appium.java_client.AppiumDriver.getScreenshotAs(org.openqa.selenium.OutputType)&quot; because the return value of &quot;com.qa.utils.DriverManager.getDriver()&quot; is null
	at com.qa.stepdef.Hooks.quit1(Hooks.java:42)
</error>
  </testcase>
</testsuite>